<?xml version="1.0" encoding="UTF-8"?>
<testng-results ignored="0" total="1" passed="1" failed="0" skipped="0">
  <reporter-output>
  </reporter-output>
  <suite started-at="2025-03-26T21:09:22 IST" name="Default suite" finished-at="2025-03-26T21:09:31 IST" duration-ms="8590">
    <groups>
    </groups>
    <test started-at="2025-03-26T21:09:22 IST" name="Default test" finished-at="2025-03-26T21:09:31 IST" duration-ms="8590">
      <class name="links.BrokenLinks">
        <test-method signature="testBrokenLinks()[pri:0, instance:links.BrokenLinks@368f2016]" started-at="2025-03-26T21:09:22 IST" name="testBrokenLinks" finished-at="2025-03-26T21:09:31 IST" duration-ms="8521" status="PASS">
          <reporter-output>
          </reporter-output>
        </test-method> <!-- testBrokenLinks -->
      </class> <!-- links.BrokenLinks -->
    </test> <!-- Default test -->
  </suite> <!-- Default suite -->
</testng-results>
